[12:27:36] [ServerMain/INFO]: Environment: Environment[sessionHost=https://sessionserver.mojang.com, servicesHost=https://api.minecraftservices.com, name=PROD]
[12:27:40] [ServerMain/INFO]: Loaded 1290 recipes
[12:27:40] [ServerMain/INFO]: Loaded 1399 advancements
[12:27:41] [Server thread/INFO]: Starting minecraft server version 1.21
[12:27:41] [Server thread/INFO]: Loading properties
[12:27:41] [Server thread/INFO]: Default game type: SURVIVAL
[12:27:41] [Server thread/INFO]: Generating keypair
[12:27:41] [Server thread/INFO]: Starting Minecraft server on *:25565
[12:27:41] [Server thread/INFO]: Using epoll channel type
[12:27:41] [Server thread/WARN]: **** SERVER IS RUNNING IN OFFLINE/INSECURE MODE!
[12:27:41] [Server thread/WARN]: The server will make no attempt to authenticate usernames. Beware.
[12:27:41] [Server thread/WARN]: While this makes the game possible to play without internet access, it also opens up the ability for hackers to connect with any username they choose.
[12:27:41] [Server thread/WARN]: To change this, set "online-mode" to "true" in the server.properties file.
[12:27:41] [Server thread/INFO]: Preparing level "world"
[12:27:50] [Server thread/INFO]: Preparing start region for dimension minecraft:overworld
[12:27:50] [Worker-Main-1/INFO]: Preparing spawn area: 0%
[12:27:50] [Worker-Main-1/INFO]: Preparing spawn area: 2%
[12:27:51] [Server thread/INFO]: Time elapsed: 971 ms
[12:27:51] [Server thread/INFO]: Done (9.893s)! For help, type "help"
[12:32:26] [Server thread/INFO]: Cafssterr[/100.65.241.55:52559] logged in with entity id 94 at (-350.98450672182025, 70.0, -81.69999998807907)
[12:32:26] [Server thread/INFO]: Cafssterr joined the game
